# JRE version: Java(TM) SE Runtime Environment (8.0_211-b12) (build 1.8.0_211-b12)
# Java VM: Java HotSpot(TM) 64-Bit Server VM (25.211-b12 mixed mode windows-amd64 compressed oops)
Heap:
 PSYoungGen      total 176128K, used 16585K [0x0000000780900000, 0x000000078d900000, 0x00000007c0000000)
  eden space 167936K, 9% used [0x0000000780900000,0x0000000781932620,0x000000078ad00000)
  from space 8192K, 0% used [0x000000078d100000,0x000000078d100000,0x000000078d900000)
  to   space 8192K, 0% used [0x000000078c900000,0x000000078c900000,0x000000078d100000)
 ParOldGen       total 76800K, used 13341K [0x0000000701a00000, 0x0000000706500000, 0x0000000780900000)
  object space 76800K, 17% used [0x0000000701a00000,0x0000000702707718,0x0000000706500000)
 Metaspace       used 34429K, capacity 36328K, committed 36480K, reserved 1081344K
  class space    used 4573K, capacity 4906K, committed 4992K, reserved 1048576K
GC Heap History (10 events):
Event: 7.135 GC heap before
{Heap before GC invocations=4 (full 1):
 PSYoungGen      total 106496K, used 8188K [0x0000000780900000, 0x000000078d900000, 0x00000007c0000000)
  eden space 98304K, 0% used [0x0000000780900000,0x0000000780900000,0x0000000786900000)
  from space 8192K, 99% used [0x0000000786900000,0x00000007870ff088,0x0000000787100000)
  to   space 8192K, 0% used [0x000000078d100000,0x000000078d100000,0x000000078d900000)
 ParOldGen       total 131072K, used 1390K [0x0000000701a00000, 0x0000000709a00000, 0x0000000780900000)
  object space 131072K, 1% used [0x0000000701a00000,0x0000000701b5ba38,0x0000000709a00000)
 Metaspace       used 19901K, capacity 21112K, committed 21248K, reserved 1067008K
  class space    used 2705K, capacity 2962K, committed 3072K, reserved 1048576K
Event: 7.223 GC heap after
Heap after GC invocations=4 (full 1):
 PSYoungGen      total 106496K, used 0K [0x0000000780900000, 0x000000078d900000, 0x00000007c0000000)
  eden space 98304K, 0% used [0x0000000780900000,0x0000000780900000,0x0000000786900000)
  from space 8192K, 0% used [0x0000000786900000,0x0000000786900000,0x0000000787100000)
  to   space 8192K, 0% used [0x000000078d100000,0x000000078d100000,0x000000078d900000)
 ParOldGen       total 76800K, used 9221K [0x0000000701a00000, 0x0000000706500000, 0x0000000780900000)
  object space 76800K, 12% used [0x0000000701a00000,0x0000000702301418,0x0000000706500000)
 Metaspace       used 19901K, capacity 21112K, committed 21248K, reserved 1067008K
  class space    used 2705K, capacity 2962K, committed 3072K, reserved 1048576K
}
Event: 11.743 GC heap before
{Heap before GC invocations=5 (full 1):
 PSYoungGen      total 106496K, used 98304K [0x0000000780900000, 0x000000078d900000, 0x00000007c0000000)
  eden space 98304K, 100% used [0x0000000780900000,0x0000000786900000,0x0000000786900000)
  from space 8192K, 0% used [0x0000000786900000,0x0000000786900000,0x0000000787100000)
  to   space 8192K, 0% used [0x000000078d100000,0x000000078d100000,0x000000078d900000)
 ParOldGen       total 76800K, used 9221K [0x0000000701a00000, 0x0000000706500000, 0x0000000780900000)
  object space 76800K, 12% used [0x0000000701a00000,0x0000000702301418,0x0000000706500000)
 Metaspace       used 26453K, capacity 27920K, committed 28288K, reserved 1073152K
  class space    used 3522K, capacity 3842K, committed 3968K, reserved 1048576K
Event: 11.964 GC heap after
Heap after GC invocations=5 (full 1):
 PSYoungGen      total 176128K, used 8184K [0x0000000780900000, 0x000000078d900000, 0x00000007c0000000)
  eden space 167936K, 0% used [0x0000000780900000,0x0000000780900000,0x000000078ad00000)
  from space 8192K, 99% used [0x000000078d100000,0x000000078d8fe340,0x000000078d900000)
  to   space 8192K, 0% used [0x000000078c900000,0x000000078c900000,0x000000078d100000)
 ParOldGen       total 76800K, used 10039K [0x0000000701a00000, 0x0000000706500000, 0x0000000780900000)
  object space 76800K, 13% used [0x0000000701a00000,0x00000007023cdfa0,0x0000000706500000)
 Metaspace       used 26453K, capacity 27920K, committed 28288K, reserved 1073152K
  class space    used 3522K, capacity 3842K, committed 3968K, reserved 1048576K
}
Event: 20.682 GC heap before
{Heap before GC invocations=6 (full 1):
 PSYoungGen      total 176128K, used 176120K [0x0000000780900000, 0x000000078d900000, 0x00000007c0000000)
  eden space 167936K, 100% used [0x0000000780900000,0x000000078ad00000,0x000000078ad00000)
  from space 8192K, 99% used [0x000000078d100000,0x000000078d8fe340,0x000000078d900000)
  to   space 8192K, 0% used [0x000000078c900000,0x000000078c900000,0x000000078d100000)
 ParOldGen       total 76800K, used 10039K [0x0000000701a00000, 0x0000000706500000, 0x0000000780900000)
  object space 76800K, 13% used [0x0000000701a00000,0x00000007023cdfa0,0x0000000706500000)
 Metaspace       used 32542K, capacity 34374K, committed 34688K, reserved 1079296K
  class space    used 4306K, capacity 4647K, committed 4736K, reserved 1048576K
Event: 20.716 GC heap after
Heap after GC invocations=6 (full 1):
 PSYoungGen      total 176128K, used 8172K [0x0000000780900000, 0x000000078d900000, 0x00000007c0000000)
  eden space 167936K, 0% used [0x0000000780900000,0x0000000780900000,0x000000078ad00000)
  from space 8192K, 99% used [0x000000078c900000,0x000000078d0fb160,0x000000078d100000)
  to   space 8192K, 0% used [0x000000078d100000,0x000000078d100000,0x000000078d900000)
 ParOldGen       total 76800K, used 14062K [0x0000000701a00000, 0x0000000706500000, 0x0000000780900000)
  object space 76800K, 18% used [0x0000000701a00000,0x00000007027bb918,0x0000000706500000)
 Metaspace       used 32542K, capacity 34374K, committed 34688K, reserved 1079296K
  class space    used 4306K, capacity 4647K, committed 4736K, reserved 1048576K
}
Event: 21.490 GC heap before
{Heap before GC invocations=7 (full 1):
 PSYoungGen      total 176128K, used 22043K [0x0000000780900000, 0x000000078d900000, 0x00000007c0000000)
  eden space 167936K, 8% used [0x0000000780900000,0x000000078168bcd8,0x000000078ad00000)
  from space 8192K, 99% used [0x000000078c900000,0x000000078d0fb160,0x000000078d100000)
  to   space 8192K, 0% used [0x000000078d100000,0x000000078d100000,0x000000078d900000)
 ParOldGen       total 76800K, used 14062K [0x0000000701a00000, 0x0000000706500000, 0x0000000780900000)
  object space 76800K, 18% used [0x0000000701a00000,0x00000007027bb918,0x0000000706500000)
 Metaspace       used 33469K, capacity 35264K, committed 35416K, reserved 1079296K
  class space    used 4419K, capacity 4758K, committed 4864K, reserved 1048576K
Event: 21.537 GC heap after
Heap after GC invocations=7 (full 1):
 PSYoungGen      total 176128K, used 6716K [0x0000000780900000, 0x000000078d900000, 0x00000007c0000000)
  eden space 167936K, 0% used [0x0000000780900000,0x0000000780900000,0x000000078ad00000)
  from space 8192K, 81% used [0x000000078d100000,0x000000078d78f1a0,0x000000078d900000)
  to   space 8192K, 0% used [0x000000078c900000,0x000000078c900000,0x000000078d100000)
 ParOldGen       total 76800K, used 14070K [0x0000000701a00000, 0x0000000706500000, 0x0000000780900000)
  object space 76800K, 18% used [0x0000000701a00000,0x00000007027bd918,0x0000000706500000)
 Metaspace       used 33469K, capacity 35264K, committed 35416K, reserved 1079296K
  class space    used 4419K, capacity 4758K, committed 4864K, reserved 1048576K
}
Event: 21.537 GC heap before
{Heap before GC invocations=8 (full 2):
 PSYoungGen      total 176128K, used 6716K [0x0000000780900000, 0x000000078d900000, 0x00000007c0000000)
  eden space 167936K, 0% used [0x0000000780900000,0x0000000780900000,0x000000078ad00000)
  from space 8192K, 81% used [0x000000078d100000,0x000000078d78f1a0,0x000000078d900000)
  to   space 8192K, 0% used [0x000000078c900000,0x000000078c900000,0x000000078d100000)
 ParOldGen       total 76800K, used 14070K [0x0000000701a00000, 0x0000000706500000, 0x0000000780900000)
  object space 76800K, 18% used [0x0000000701a00000,0x00000007027bd918,0x0000000706500000)
 Metaspace       used 33469K, capacity 35264K, committed 35416K, reserved 1079296K
  class space    used 4419K, capacity 4758K, committed 4864K, reserved 1048576K
Event: 21.651 GC heap after
Heap after GC invocations=8 (full 2):
 PSYoungGen      total 176128K, used 0K [0x0000000780900000, 0x000000078d900000, 0x00000007c0000000)
  eden space 167936K, 0% used [0x0000000780900000,0x0000000780900000,0x000000078ad00000)
  from space 8192K, 0% used [0x000000078d100000,0x000000078d100000,0x000000078d900000)
  to   space 8192K, 0% used [0x000000078c900000,0x000000078c900000,0x000000078d100000)
 ParOldGen       total 76800K, used 13341K [0x0000000701a00000, 0x0000000706500000, 0x0000000780900000)
  object space 76800K, 17% used [0x0000000701a00000,0x0000000702707718,0x0000000706500000)
 Metaspace       used 33469K, capacity 35264K, committed 35416K, reserved 1079296K
  class space    used 4419K, capacity 4758K, committed 4864K, reserved 1048576K
}

