# JRE version: Java(TM) SE Runtime Environment (8.0_211-b12) (build 1.8.0_211-b12)
# Java VM: Java HotSpot(TM) 64-Bit Server VM (25.211-b12 mixed mode windows-amd64 compressed oops)
Heap:
 PSYoungGen      total 106496K, used 45091K [0x0000000780900000, 0x0000000787900000, 0x00000007c0000000)
  eden space 98304K, 37% used [0x0000000780900000,0x0000000782d0a830,0x0000000786900000)
  from space 8192K, 99% used [0x0000000787100000,0x00000007878fe508,0x0000000787900000)
  to   space 8192K, 0% used [0x0000000786900000,0x0000000786900000,0x0000000787100000)
 ParOldGen       total 69632K, used 8758K [0x0000000701a00000, 0x0000000705e00000, 0x0000000780900000)
  object space 69632K, 12% used [0x0000000701a00000,0x000000070228dbf0,0x0000000705e00000)
 Metaspace       used 32734K, capacity 34562K, committed 34688K, reserved 1079296K
  class space    used 4304K, capacity 4639K, committed 4736K, reserved 1048576K
GC Heap History (10 events):
Event: 8.207 GC heap before
{Heap before GC invocations=3 (full 0):
 PSYoungGen      total 57344K, used 55529K [0x0000000780900000, 0x0000000787900000, 0x00000007c0000000)
  eden space 49152K, 100% used [0x0000000780900000,0x0000000783900000,0x0000000783900000)
  from space 8192K, 77% used [0x0000000784100000,0x000000078473a7b8,0x0000000784900000)
  to   space 8192K, 0% used [0x0000000783900000,0x0000000783900000,0x0000000784100000)
 ParOldGen       total 131072K, used 24K [0x0000000701a00000, 0x0000000709a00000, 0x0000000780900000)
  object space 131072K, 0% used [0x0000000701a00000,0x0000000701a06000,0x0000000709a00000)
 Metaspace       used 17697K, capacity 18892K, committed 18944K, reserved 1064960K
  class space    used 2331K, capacity 2556K, committed 2560K, reserved 1048576K
Event: 8.254 GC heap after
Heap after GC invocations=3 (full 0):
 PSYoungGen      total 57344K, used 7345K [0x0000000780900000, 0x0000000787900000, 0x00000007c0000000)
  eden space 49152K, 0% used [0x0000000780900000,0x0000000780900000,0x0000000783900000)
  from space 8192K, 89% used [0x0000000783900000,0x000000078402c710,0x0000000784100000)
  to   space 8192K, 0% used [0x0000000787100000,0x0000000787100000,0x0000000787900000)
 ParOldGen       total 131072K, used 32K [0x0000000701a00000, 0x0000000709a00000, 0x0000000780900000)
  object space 131072K, 0% used [0x0000000701a00000,0x0000000701a08000,0x0000000709a00000)
 Metaspace       used 17697K, capacity 18892K, committed 18944K, reserved 1064960K
  class space    used 2331K, capacity 2556K, committed 2560K, reserved 1048576K
}
Event: 8.936 GC heap before
{Heap before GC invocations=4 (full 0):
 PSYoungGen      total 57344K, used 46970K [0x0000000780900000, 0x0000000787900000, 0x00000007c0000000)
  eden space 49152K, 80% used [0x0000000780900000,0x0000000782fb22d8,0x0000000783900000)
  from space 8192K, 89% used [0x0000000783900000,0x000000078402c710,0x0000000784100000)
  to   space 8192K, 0% used [0x0000000787100000,0x0000000787100000,0x0000000787900000)
 ParOldGen       total 131072K, used 32K [0x0000000701a00000, 0x0000000709a00000, 0x0000000780900000)
  object space 131072K, 0% used [0x0000000701a00000,0x0000000701a08000,0x0000000709a00000)
 Metaspace       used 19881K, capacity 21120K, committed 21248K, reserved 1067008K
  class space    used 2690K, capacity 2964K, committed 3072K, reserved 1048576K
Event: 8.968 GC heap after
Heap after GC invocations=4 (full 0):
 PSYoungGen      total 106496K, used 7457K [0x0000000780900000, 0x0000000787900000, 0x00000007c0000000)
  eden space 98304K, 0% used [0x0000000780900000,0x0000000780900000,0x0000000786900000)
  from space 8192K, 91% used [0x0000000787100000,0x0000000787848570,0x0000000787900000)
  to   space 8192K, 0% used [0x0000000786900000,0x0000000786900000,0x0000000787100000)
 ParOldGen       total 131072K, used 40K [0x0000000701a00000, 0x0000000709a00000, 0x0000000780900000)
  object space 131072K, 0% used [0x0000000701a00000,0x0000000701a0a000,0x0000000709a00000)
 Metaspace       used 19881K, capacity 21120K, committed 21248K, reserved 1067008K
  class space    used 2690K, capacity 2964K, committed 3072K, reserved 1048576K
}
Event: 8.968 GC heap before
{Heap before GC invocations=5 (full 1):
 PSYoungGen      total 106496K, used 7457K [0x0000000780900000, 0x0000000787900000, 0x00000007c0000000)
  eden space 98304K, 0% used [0x0000000780900000,0x0000000780900000,0x0000000786900000)
  from space 8192K, 91% used [0x0000000787100000,0x0000000787848570,0x0000000787900000)
  to   space 8192K, 0% used [0x0000000786900000,0x0000000786900000,0x0000000787100000)
 ParOldGen       total 131072K, used 40K [0x0000000701a00000, 0x0000000709a00000, 0x0000000780900000)
  object space 131072K, 0% used [0x0000000701a00000,0x0000000701a0a000,0x0000000709a00000)
 Metaspace       used 19881K, capacity 21120K, committed 21248K, reserved 1067008K
  class space    used 2690K, capacity 2964K, committed 3072K, reserved 1048576K
Event: 9.042 GC heap after
Heap after GC invocations=5 (full 1):
 PSYoungGen      total 106496K, used 0K [0x0000000780900000, 0x0000000787900000, 0x00000007c0000000)
  eden space 98304K, 0% used [0x0000000780900000,0x0000000780900000,0x0000000786900000)
  from space 8192K, 0% used [0x0000000787100000,0x0000000787100000,0x0000000787900000)
  to   space 8192K, 0% used [0x0000000786900000,0x0000000786900000,0x0000000787100000)
 ParOldGen       total 69632K, used 7294K [0x0000000701a00000, 0x0000000705e00000, 0x0000000780900000)
  object space 69632K, 10% used [0x0000000701a00000,0x000000070211f988,0x0000000705e00000)
 Metaspace       used 19881K, capacity 21120K, committed 21248K, reserved 1067008K
  class space    used 2690K, capacity 2964K, committed 3072K, reserved 1048576K
}
Event: 13.917 GC heap before
{Heap before GC invocations=6 (full 1):
 PSYoungGen      total 106496K, used 98304K [0x0000000780900000, 0x0000000787900000, 0x00000007c0000000)
  eden space 98304K, 100% used [0x0000000780900000,0x0000000786900000,0x0000000786900000)
  from space 8192K, 0% used [0x0000000787100000,0x0000000787100000,0x0000000787900000)
  to   space 8192K, 0% used [0x0000000786900000,0x0000000786900000,0x0000000787100000)
 ParOldGen       total 69632K, used 7294K [0x0000000701a00000, 0x0000000705e00000, 0x0000000780900000)
  object space 69632K, 10% used [0x0000000701a00000,0x000000070211f988,0x0000000705e00000)
 Metaspace       used 26672K, capacity 28200K, committed 28544K, reserved 1073152K
  class space    used 3535K, capacity 3844K, committed 3968K, reserved 1048576K
Event: 13.995 GC heap after
Heap after GC invocations=6 (full 1):
 PSYoungGen      total 106496K, used 8162K [0x0000000780900000, 0x0000000787900000, 0x00000007c0000000)
  eden space 98304K, 0% used [0x0000000780900000,0x0000000780900000,0x0000000786900000)
  from space 8192K, 99% used [0x0000000786900000,0x00000007870f88f0,0x0000000787100000)
  to   space 8192K, 0% used [0x0000000787100000,0x0000000787100000,0x0000000787900000)
 ParOldGen       total 69632K, used 8177K [0x0000000701a00000, 0x0000000705e00000, 0x0000000780900000)
  object space 69632K, 11% used [0x0000000701a00000,0x00000007021fc758,0x0000000705e00000)
 Metaspace       used 26672K, capacity 28200K, committed 28544K, reserved 1073152K
  class space    used 3535K, capacity 3844K, committed 3968K, reserved 1048576K
}
Event: 19.995 GC heap before
{Heap before GC invocations=7 (full 1):
 PSYoungGen      total 106496K, used 106466K [0x0000000780900000, 0x0000000787900000, 0x00000007c0000000)
  eden space 98304K, 100% used [0x0000000780900000,0x0000000786900000,0x0000000786900000)
  from space 8192K, 99% used [0x0000000786900000,0x00000007870f88f0,0x0000000787100000)
  to   space 8192K, 0% used [0x0000000787100000,0x0000000787100000,0x0000000787900000)
 ParOldGen       total 69632K, used 8177K [0x0000000701a00000, 0x0000000705e00000, 0x0000000780900000)
  object space 69632K, 11% used [0x0000000701a00000,0x00000007021fc758,0x0000000705e00000)
 Metaspace       used 30463K, capacity 32156K, committed 32384K, reserved 1077248K
  class space    used 4033K, capacity 4354K, committed 4480K, reserved 1048576K
Event: 20.048 GC heap after
Heap after GC invocations=7 (full 1):
 PSYoungGen      total 106496K, used 8185K [0x0000000780900000, 0x0000000787900000, 0x00000007c0000000)
  eden space 98304K, 0% used [0x0000000780900000,0x0000000780900000,0x0000000786900000)
  from space 8192K, 99% used [0x0000000787100000,0x00000007878fe508,0x0000000787900000)
  to   space 8192K, 0% used [0x0000000786900000,0x0000000786900000,0x0000000787100000)
 ParOldGen       total 69632K, used 8758K [0x0000000701a00000, 0x0000000705e00000, 0x0000000780900000)
  object space 69632K, 12% used [0x0000000701a00000,0x000000070228dbf0,0x0000000705e00000)
 Metaspace       used 30463K, capacity 32156K, committed 32384K, reserved 1077248K
  class space    used 4033K, capacity 4354K, committed 4480K, reserved 1048576K
}

